<?xml version="1.0" encoding="UTF-8"?>
<!-- Generated by org.testng.reporters.JUnitReportReporter -->
<testsuite hostname="FFE-Bandi-Saiteja" failures="0" tests="1" name="Prep___.ReadDataFromCMDLine" time="0.010" errors="0" timestamp="2025-08-22T12:43:51 IST" skipped="0">
  <testcase classname="Prep___.ReadDataFromCMDLine" name="readData" time="0.010"/>
</testsuite> <!-- Prep___.ReadDataFromCMDLine -->
