<?xml version="1.0" encoding="UTF-8"?>
<!-- Generated by org.testng.reporters.JUnitReportReporter -->
<testsuite hostname="FFE-Bandi-Saiteja" failures="0" tests="1" name="practiceByGeneric.ClassRoomPractice2" time="8.659" errors="0" timestamp="2025-08-14T10:29:40 IST" skipped="0">
  <testcase classname="practiceByGeneric.ClassRoomPractice2" name="main" time="8.659"/>
</testsuite> <!-- practiceByGeneric.ClassRoomPractice2 -->
