<?xml version="1.0" encoding="UTF-8"?>
<!-- Generated by org.testng.reporters.JUnitReportReporter -->
<testsuite hostname="FFE-Bandi-Saiteja" failures="0" tests="1" name="ninzaCRMTestNgPractice.simpleTestNgTest" time="10.584" errors="0" timestamp="2025-08-14T20:51:39 IST" skipped="0">
  <testcase classname="ninzaCRMTestNgPractice.simpleTestNgTest" name="createCampagin" time="10.584"/>
</testsuite> <!-- ninzaCRMTestNgPractice.simpleTestNgTest -->
